<?xml version="1.0" encoding="UTF-8"?>
<!-- Generated by org.testng.reporters.JUnitXMLReporter -->
<testsuite hostname="MAYTINH-6IQQQN0" name="Run on ie" tests="1" failures="0" timestamp="28 Apr 2017 15:09:08 GMT" time="18.433" errors="0">
  <testcase name="@BeforeClass beforeClass" time="0.0" classname="com.guru99.newcustomer.NewCustomer_01_ValidateAllFields">
    <failure type="org.openqa.selenium.NoSuchElementException" message="Unable to find element with xpath == //a[contains(text(),&amp;apos;New Customer&amp;apos;)] (WARNING: The server did not provide any stacktrace information)
Command duration or timeout: 10.32 seconds
For documentation on this error, please visit: http://seleniumhq.org/exceptions/no_such_element.html
Build info: version: &amp;apos;2.53.1&amp;apos;, revision: &amp;apos;a36b8b1&amp;apos;, time: &amp;apos;2016-06-30 17:37:03&amp;apos;
System info: host: &amp;apos;MAYTINH-6IQQQN0&amp;apos;, ip: &amp;apos;192.168.1.7&amp;apos;, os.name: &amp;apos;Windows 10&amp;apos;, os.arch: &amp;apos;x86&amp;apos;, os.version: &amp;apos;10.0&amp;apos;, java.version: &amp;apos;1.8.0_131&amp;apos;
Driver info: org.openqa.selenium.ie.InternetExplorerDriver
Capabilities [{browserAttachTimeout=0, ie.enableFullPageScreenshot=true, enablePersistentHover=true, ie.forceCreateProcessApi=false, ie.forceShellWindowsApi=false, pageLoadStrategy=normal, ignoreZoomSetting=false, ie.fileUploadDialogTimeout=3000, version=11, platform=WINDOWS, nativeEvents=true, ie.ensureCleanSession=false, elementScrollBehavior=0, ie.browserCommandLineSwitches=, requireWindowFocus=false, browserName=internet explorer, initialBrowserUrl=http://localhost:12965/, javascriptEnabled=true, ignoreProtectedModeSettings=false, enableElementCacheCleanup=true, unexpectedAlertBehaviour=dismiss}]
Session ID: 09a4e44d-4f52-4687-af0f-43b7d333b9da
*** Element info: {Using=xpath, value=//a[contains(text(),&amp;apos;New Customer&amp;apos;)]}">
      <![CDATA[org.openqa.selenium.NoSuchElementException: Unable to find element with xpath == //a[contains(text(),'New Customer')] (WARNING: The server did not provide any stacktrace information)
Command duration or timeout: 10.32 seconds
For documentation on this error, please visit: http://seleniumhq.org/exceptions/no_such_element.html
Build info: version: '2.53.1', revision: 'a36b8b1', time: '2016-06-30 17:37:03'
System info: host: 'MAYTINH-6IQQQN0', ip: '192.168.1.7', os.name: 'Windows 10', os.arch: 'x86', os.version: '10.0', java.version: '1.8.0_131'
Driver info: org.openqa.selenium.ie.InternetExplorerDriver
Capabilities [{browserAttachTimeout=0, ie.enableFullPageScreenshot=true, enablePersistentHover=true, ie.forceCreateProcessApi=false, ie.forceShellWindowsApi=false, pageLoadStrategy=normal, ignoreZoomSetting=false, ie.fileUploadDialogTimeout=3000, version=11, platform=WINDOWS, nativeEvents=true, ie.ensureCleanSession=false, elementScrollBehavior=0, ie.browserCommandLineSwitches=, requireWindowFocus=false, browserName=internet explorer, initialBrowserUrl=http://localhost:12965/, javascriptEnabled=true, ignoreProtectedModeSettings=false, enableElementCacheCleanup=true, unexpectedAlertBehaviour=dismiss}]
Session ID: 09a4e44d-4f52-4687-af0f-43b7d333b9da
*** Element info: {Using=xpath, value=//a[contains(text(),'New Customer')]}
	at org.openqa.selenium.remote.ErrorHandler.createThrowable(ErrorHandler.java:206)
	at org.openqa.selenium.remote.ErrorHandler.throwIfResponseFailed(ErrorHandler.java:158)
	at org.openqa.selenium.remote.RemoteWebDriver.execute(RemoteWebDriver.java:678)
	at org.openqa.selenium.remote.RemoteWebDriver.findElement(RemoteWebDriver.java:363)
	at org.openqa.selenium.remote.RemoteWebDriver.findElementByXPath(RemoteWebDriver.java:500)
	at org.openqa.selenium.By$ByXPath.findElement(By.java:361)
	at org.openqa.selenium.remote.RemoteWebDriver.findElement(RemoteWebDriver.java:355)
	at commons.AbstractPage.clickToElement(AbstractPage.java:22)
	at commons.AbstractPage.openNewCustomerPage(AbstractPage.java:27)
	at com.guru99.newcustomer.NewCustomer_01_ValidateAllFields.beforeClass(NewCustomer_01_ValidateAllFields.java:38)
... Removed 28 stack frames]]>
    </failure>
  </testcase> <!-- @BeforeClass beforeClass -->
  <testcase name="@AfterClass afterClass" time="0.0" classname="com.guru99.newcustomer.NewCustomer_01_ValidateAllFields">
    <skipped/>
  </testcase> <!-- @AfterClass afterClass -->
  <testcase name="TC_01_NameCannotEmpty" time="0.002" classname="com.guru99.newcustomer.NewCustomer_01_ValidateAllFields">
    <skipped/>
  </testcase> <!-- TC_01_NameCannotEmpty -->
</testsuite> <!-- Run on ie -->
